#! /usr/bin/vvp
:ivl_version "10.2 (stable)" "(v10_2)";
:ivl_delay_selection "TYPICAL";
:vpi_time_precision + 0;
:vpi_module "system";
:vpi_module "vhdl_sys";
:vpi_module "v2005_math";
:vpi_module "va_math";
S_0x7f412ae020 .scope module, "ALU" "ALU" 2 1;
 .timescale 0 0;
    .port_info 0 /INPUT 32 "data0_i"
    .port_info 1 /INPUT 32 "data1_i"
    .port_info 2 /INPUT 3 "aluctrl_i"
    .port_info 3 /OUTPUT 32 "data_o"
o0x7f105c212018 .functor BUFZ 3, C4<zzz>; HiZ drive
v0x7f412af280_0 .net "aluctrl_i", 2 0, o0x7f105c212018;  0 drivers
o0x7f105c212048 .functor BUFZ 32, C4<zzzzzzzzzzzzzzzzzzzzzzzzzzzzzzzz>; HiZ drive
v0x7f412afde0_0 .net "data0_i", 31 0, o0x7f105c212048;  0 drivers
o0x7f105c212078 .functor BUFZ 32, C4<zzzzzzzzzzzzzzzzzzzzzzzzzzzzzzzz>; HiZ drive
v0x7f412b08b0_0 .net "data1_i", 31 0, o0x7f105c212078;  0 drivers
v0x7f412b0ed0_0 .var "data_o", 31 0;
E_0x7f41270a70 .event edge, v0x7f412af280_0, v0x7f412afde0_0, v0x7f412b08b0_0;
S_0x7f412ace30 .scope module, "ALUControl" "ALUControl" 3 1;
 .timescale 0 0;
    .port_info 0 /INPUT 6 "funct_i"
    .port_info 1 /INPUT 2 "aluop_i"
    .port_info 2 /OUTPUT 3 "aluctrl_o"
v0x7f412dc7e0_0 .var "aluctrl_o", 2 0;
o0x7f105c2121c8 .functor BUFZ 2, C4<zz>; HiZ drive
v0x7f412dc8e0_0 .net "aluop_i", 1 0, o0x7f105c2121c8;  0 drivers
o0x7f105c2121f8 .functor BUFZ 6, C4<zzzzzz>; HiZ drive
v0x7f412dc9c0_0 .net "funct_i", 5 0, o0x7f105c2121f8;  0 drivers
E_0x7f412705f0 .event edge, v0x7f412dc8e0_0, v0x7f412dc9c0_0;
S_0x7f4121f0c0 .scope module, "Adder" "Adder" 4 1;
 .timescale 0 0;
    .port_info 0 /INPUT 32 "data0_i"
    .port_info 1 /INPUT 32 "data1_i"
    .port_info 2 /OUTPUT 32 "data_o"
    .port_info 3 /NODIR 0 "unnamed"
o0x7f105c2122b8 .functor BUFZ 32, C4<zzzzzzzzzzzzzzzzzzzzzzzzzzzzzzzz>; HiZ drive
v0x7f412dcb00_0 .net "data0_i", 31 0, o0x7f105c2122b8;  0 drivers
o0x7f105c2122e8 .functor BUFZ 32, C4<zzzzzzzzzzzzzzzzzzzzzzzzzzzzzzzz>; HiZ drive
v0x7f412dcbe0_0 .net "data1_i", 31 0, o0x7f105c2122e8;  0 drivers
v0x7f412dccc0_0 .net "data_o", 31 0, L_0x7f412e7f10;  1 drivers
L_0x7f412e7f10 .arith/sum 32, o0x7f105c2122b8, o0x7f105c2122e8;
S_0x7f412bc510 .scope module, "Control" "Control" 5 1;
 .timescale 0 0;
    .port_info 0 /INPUT 6 "op_i"
    .port_info 1 /OUTPUT 1 "regdst_o"
    .port_info 2 /OUTPUT 1 "alusrc_o"
    .port_info 3 /OUTPUT 1 "memtoreg_o"
    .port_info 4 /OUTPUT 1 "regwrite_o"
    .port_info 5 /OUTPUT 1 "memread_o"
    .port_info 6 /OUTPUT 1 "memwrite_o"
    .port_info 7 /OUTPUT 1 "branch_o"
    .port_info 8 /OUTPUT 1 "jump_o"
    .port_info 9 /OUTPUT 1 "extop_o"
    .port_info 10 /OUTPUT 2 "aluop_o"
    .port_info 11 /NODIR 0 "unnamed"
L_0x7f41255820 .functor BUFZ 11, L_0x7f412f8c90, C4<00000000000>, C4<00000000000>, C4<00000000000>;
v0x7f412dce00_0 .net *"_s29", 10 0, L_0x7f412f8c90;  1 drivers
v0x7f412dcee0_0 .net *"_s31", 7 0, L_0x7f412f8d90;  1 drivers
L_0x7f105c1961c8 .functor BUFT 1, C4<00>, C4<0>, C4<0>, C4<0>;
v0x7f412dcfc0_0 .net *"_s34", 1 0, L_0x7f105c1961c8;  1 drivers
v0x7f412dd0b0_0 .net *"_s36", 10 0, L_0x7f41255820;  1 drivers
v0x7f412dd190_0 .net "aluop_o", 1 0, L_0x7f412f8b60;  1 drivers
v0x7f412dd2c0_0 .net "alusrc_o", 0 0, L_0x7f412f8290;  1 drivers
v0x7f412dd380_0 .net "branch_o", 0 0, L_0x7f412f87c0;  1 drivers
v0x7f412dd440_0 .net "extop_o", 0 0, L_0x7f412f8a90;  1 drivers
v0x7f412dd500_0 .net "jump_o", 0 0, L_0x7f412f8860;  1 drivers
v0x7f412dd5c0_0 .net "memread_o", 0 0, L_0x7f412f85e0;  1 drivers
v0x7f412dd680_0 .net "memtoreg_o", 0 0, L_0x7f412f83b0;  1 drivers
v0x7f412dd740_0 .net "memwrite_o", 0 0, L_0x7f412f86b0;  1 drivers
o0x7f105c212618 .functor BUFZ 6, C4<zzzzzz>; HiZ drive
v0x7f412dd800_0 .net "op_i", 5 0, o0x7f105c212618;  0 drivers
v0x7f412dd8e0_0 .net "regdst_o", 0 0, L_0x7f412f8190;  1 drivers
v0x7f412dd9a0_0 .net "regwrite_o", 0 0, L_0x7f412f8450;  1 drivers
L_0x7f105c196018 .functor BUFT 1, C4<10010000x11>, C4<0>, C4<0>, C4<0>;
v0x7f412dda60 .array "tbl", 63 0;
v0x7f412dda60_0 .net v0x7f412dda60 0, 10 0, L_0x7f105c196018; 1 drivers
o0x7f105c2126d8 .functor BUFZ 11, C4<zzzzzzzzzzz>; HiZ drive
v0x7f412dda60_1 .net v0x7f412dda60 1, 10 0, o0x7f105c2126d8; 0 drivers
L_0x7f105c196180 .functor BUFT 1, C4<xxx00001xxx>, C4<0>, C4<0>, C4<0>;
v0x7f412dda60_2 .net v0x7f412dda60 2, 10 0, L_0x7f105c196180; 1 drivers
o0x7f105c212738 .functor BUFZ 11, C4<zzzzzzzzzzz>; HiZ drive
v0x7f412dda60_3 .net v0x7f412dda60 3, 10 0, o0x7f105c212738; 0 drivers
L_0x7f105c196138 .functor BUFT 1, C4<x0x00010x10>, C4<0>, C4<0>, C4<0>;
v0x7f412dda60_4 .net v0x7f412dda60 4, 10 0, L_0x7f105c196138; 1 drivers
o0x7f105c212798 .functor BUFZ 11, C4<zzzzzzzzzzz>; HiZ drive
v0x7f412dda60_5 .net v0x7f412dda60 5, 10 0, o0x7f105c212798; 0 drivers
o0x7f105c2127c8 .functor BUFZ 11, C4<zzzzzzzzzzz>; HiZ drive
v0x7f412dda60_6 .net v0x7f412dda60 6, 10 0, o0x7f105c2127c8; 0 drivers
o0x7f105c2127f8 .functor BUFZ 11, C4<zzzzzzzzzzz>; HiZ drive
v0x7f412dda60_7 .net v0x7f412dda60 7, 10 0, o0x7f105c2127f8; 0 drivers
L_0x7f105c196060 .functor BUFT 1, C4<01010000001>, C4<0>, C4<0>, C4<0>;
v0x7f412dda60_8 .net v0x7f412dda60 8, 10 0, L_0x7f105c196060; 1 drivers
o0x7f105c212858 .functor BUFZ 11, C4<zzzzzzzzzzz>; HiZ drive
v0x7f412dda60_9 .net v0x7f412dda60 9, 10 0, o0x7f105c212858; 0 drivers
o0x7f105c212888 .functor BUFZ 11, C4<zzzzzzzzzzz>; HiZ drive
v0x7f412dda60_10 .net v0x7f412dda60 10, 10 0, o0x7f105c212888; 0 drivers
o0x7f105c2128b8 .functor BUFZ 11, C4<zzzzzzzzzzz>; HiZ drive
v0x7f412dda60_11 .net v0x7f412dda60 11, 10 0, o0x7f105c2128b8; 0 drivers
o0x7f105c2128e8 .functor BUFZ 11, C4<zzzzzzzzzzz>; HiZ drive
v0x7f412dda60_12 .net v0x7f412dda60 12, 10 0, o0x7f105c2128e8; 0 drivers
o0x7f105c212918 .functor BUFZ 11, C4<zzzzzzzzzzz>; HiZ drive
v0x7f412dda60_13 .net v0x7f412dda60 13, 10 0, o0x7f105c212918; 0 drivers
o0x7f105c212948 .functor BUFZ 11, C4<zzzzzzzzzzz>; HiZ drive
v0x7f412dda60_14 .net v0x7f412dda60 14, 10 0, o0x7f105c212948; 0 drivers
o0x7f105c212978 .functor BUFZ 11, C4<zzzzzzzzzzz>; HiZ drive
v0x7f412dda60_15 .net v0x7f412dda60 15, 10 0, o0x7f105c212978; 0 drivers
o0x7f105c2129a8 .functor BUFZ 11, C4<zzzzzzzzzzz>; HiZ drive
v0x7f412dda60_16 .net v0x7f412dda60 16, 10 0, o0x7f105c2129a8; 0 drivers
o0x7f105c2129d8 .functor BUFZ 11, C4<zzzzzzzzzzz>; HiZ drive
v0x7f412dda60_17 .net v0x7f412dda60 17, 10 0, o0x7f105c2129d8; 0 drivers
o0x7f105c212a08 .functor BUFZ 11, C4<zzzzzzzzzzz>; HiZ drive
v0x7f412dda60_18 .net v0x7f412dda60 18, 10 0, o0x7f105c212a08; 0 drivers
o0x7f105c212a38 .functor BUFZ 11, C4<zzzzzzzzzzz>; HiZ drive
v0x7f412dda60_19 .net v0x7f412dda60 19, 10 0, o0x7f105c212a38; 0 drivers
o0x7f105c212a68 .functor BUFZ 11, C4<zzzzzzzzzzz>; HiZ drive
v0x7f412dda60_20 .net v0x7f412dda60 20, 10 0, o0x7f105c212a68; 0 drivers
o0x7f105c212a98 .functor BUFZ 11, C4<zzzzzzzzzzz>; HiZ drive
v0x7f412dda60_21 .net v0x7f412dda60 21, 10 0, o0x7f105c212a98; 0 drivers
o0x7f105c212ac8 .functor BUFZ 11, C4<zzzzzzzzzzz>; HiZ drive
v0x7f412dda60_22 .net v0x7f412dda60 22, 10 0, o0x7f105c212ac8; 0 drivers
o0x7f105c212af8 .functor BUFZ 11, C4<zzzzzzzzzzz>; HiZ drive
v0x7f412dda60_23 .net v0x7f412dda60 23, 10 0, o0x7f105c212af8; 0 drivers
o0x7f105c212b28 .functor BUFZ 11, C4<zzzzzzzzzzz>; HiZ drive
v0x7f412dda60_24 .net v0x7f412dda60 24, 10 0, o0x7f105c212b28; 0 drivers
o0x7f105c212b58 .functor BUFZ 11, C4<zzzzzzzzzzz>; HiZ drive
v0x7f412dda60_25 .net v0x7f412dda60 25, 10 0, o0x7f105c212b58; 0 drivers
o0x7f105c212b88 .functor BUFZ 11, C4<zzzzzzzzzzz>; HiZ drive
v0x7f412dda60_26 .net v0x7f412dda60 26, 10 0, o0x7f105c212b88; 0 drivers
o0x7f105c212bb8 .functor BUFZ 11, C4<zzzzzzzzzzz>; HiZ drive
v0x7f412dda60_27 .net v0x7f412dda60 27, 10 0, o0x7f105c212bb8; 0 drivers
o0x7f105c212be8 .functor BUFZ 11, C4<zzzzzzzzzzz>; HiZ drive
v0x7f412dda60_28 .net v0x7f412dda60 28, 10 0, o0x7f105c212be8; 0 drivers
o0x7f105c212c18 .functor BUFZ 11, C4<zzzzzzzzzzz>; HiZ drive
v0x7f412dda60_29 .net v0x7f412dda60 29, 10 0, o0x7f105c212c18; 0 drivers
o0x7f105c212c48 .functor BUFZ 11, C4<zzzzzzzzzzz>; HiZ drive
v0x7f412dda60_30 .net v0x7f412dda60 30, 10 0, o0x7f105c212c48; 0 drivers
o0x7f105c212c78 .functor BUFZ 11, C4<zzzzzzzzzzz>; HiZ drive
v0x7f412dda60_31 .net v0x7f412dda60 31, 10 0, o0x7f105c212c78; 0 drivers
o0x7f105c212ca8 .functor BUFZ 11, C4<zzzzzzzzzzz>; HiZ drive
v0x7f412dda60_32 .net v0x7f412dda60 32, 10 0, o0x7f105c212ca8; 0 drivers
o0x7f105c212cd8 .functor BUFZ 11, C4<zzzzzzzzzzz>; HiZ drive
v0x7f412dda60_33 .net v0x7f412dda60 33, 10 0, o0x7f105c212cd8; 0 drivers
o0x7f105c212d08 .functor BUFZ 11, C4<zzzzzzzzzzz>; HiZ drive
v0x7f412dda60_34 .net v0x7f412dda60 34, 10 0, o0x7f105c212d08; 0 drivers
L_0x7f105c1960a8 .functor BUFT 1, C4<01111000101>, C4<0>, C4<0>, C4<0>;
v0x7f412dda60_35 .net v0x7f412dda60 35, 10 0, L_0x7f105c1960a8; 1 drivers
o0x7f105c212d68 .functor BUFZ 11, C4<zzzzzzzzzzz>; HiZ drive
v0x7f412dda60_36 .net v0x7f412dda60 36, 10 0, o0x7f105c212d68; 0 drivers
o0x7f105c212d98 .functor BUFZ 11, C4<zzzzzzzzzzz>; HiZ drive
v0x7f412dda60_37 .net v0x7f412dda60 37, 10 0, o0x7f105c212d98; 0 drivers
o0x7f105c212dc8 .functor BUFZ 11, C4<zzzzzzzzzzz>; HiZ drive
v0x7f412dda60_38 .net v0x7f412dda60 38, 10 0, o0x7f105c212dc8; 0 drivers
o0x7f105c212df8 .functor BUFZ 11, C4<zzzzzzzzzzz>; HiZ drive
v0x7f412dda60_39 .net v0x7f412dda60 39, 10 0, o0x7f105c212df8; 0 drivers
o0x7f105c212e28 .functor BUFZ 11, C4<zzzzzzzzzzz>; HiZ drive
v0x7f412dda60_40 .net v0x7f412dda60 40, 10 0, o0x7f105c212e28; 0 drivers
o0x7f105c212e58 .functor BUFZ 11, C4<zzzzzzzzzzz>; HiZ drive
v0x7f412dda60_41 .net v0x7f412dda60 41, 10 0, o0x7f105c212e58; 0 drivers
o0x7f105c212e88 .functor BUFZ 11, C4<zzzzzzzzzzz>; HiZ drive
v0x7f412dda60_42 .net v0x7f412dda60 42, 10 0, o0x7f105c212e88; 0 drivers
L_0x7f105c1960f0 .functor BUFT 1, C4<x1x00100101>, C4<0>, C4<0>, C4<0>;
v0x7f412dda60_43 .net v0x7f412dda60 43, 10 0, L_0x7f105c1960f0; 1 drivers
o0x7f105c212ee8 .functor BUFZ 11, C4<zzzzzzzzzzz>; HiZ drive
v0x7f412dda60_44 .net v0x7f412dda60 44, 10 0, o0x7f105c212ee8; 0 drivers
o0x7f105c212f18 .functor BUFZ 11, C4<zzzzzzzzzzz>; HiZ drive
v0x7f412dda60_45 .net v0x7f412dda60 45, 10 0, o0x7f105c212f18; 0 drivers
o0x7f105c212f48 .functor BUFZ 11, C4<zzzzzzzzzzz>; HiZ drive
v0x7f412dda60_46 .net v0x7f412dda60 46, 10 0, o0x7f105c212f48; 0 drivers
o0x7f105c212f78 .functor BUFZ 11, C4<zzzzzzzzzzz>; HiZ drive
v0x7f412dda60_47 .net v0x7f412dda60 47, 10 0, o0x7f105c212f78; 0 drivers
o0x7f105c212fa8 .functor BUFZ 11, C4<zzzzzzzzzzz>; HiZ drive
v0x7f412dda60_48 .net v0x7f412dda60 48, 10 0, o0x7f105c212fa8; 0 drivers
o0x7f105c212fd8 .functor BUFZ 11, C4<zzzzzzzzzzz>; HiZ drive
v0x7f412dda60_49 .net v0x7f412dda60 49, 10 0, o0x7f105c212fd8; 0 drivers
o0x7f105c213008 .functor BUFZ 11, C4<zzzzzzzzzzz>; HiZ drive
v0x7f412dda60_50 .net v0x7f412dda60 50, 10 0, o0x7f105c213008; 0 drivers
o0x7f105c213038 .functor BUFZ 11, C4<zzzzzzzzzzz>; HiZ drive
v0x7f412dda60_51 .net v0x7f412dda60 51, 10 0, o0x7f105c213038; 0 drivers
o0x7f105c213068 .functor BUFZ 11, C4<zzzzzzzzzzz>; HiZ drive
v0x7f412dda60_52 .net v0x7f412dda60 52, 10 0, o0x7f105c213068; 0 drivers
o0x7f105c213098 .functor BUFZ 11, C4<zzzzzzzzzzz>; HiZ drive
v0x7f412dda60_53 .net v0x7f412dda60 53, 10 0, o0x7f105c213098; 0 drivers
o0x7f105c2130c8 .functor BUFZ 11, C4<zzzzzzzzzzz>; HiZ drive
v0x7f412dda60_54 .net v0x7f412dda60 54, 10 0, o0x7f105c2130c8; 0 drivers
o0x7f105c2130f8 .functor BUFZ 11, C4<zzzzzzzzzzz>; HiZ drive
v0x7f412dda60_55 .net v0x7f412dda60 55, 10 0, o0x7f105c2130f8; 0 drivers
o0x7f105c213128 .functor BUFZ 11, C4<zzzzzzzzzzz>; HiZ drive
v0x7f412dda60_56 .net v0x7f412dda60 56, 10 0, o0x7f105c213128; 0 drivers
o0x7f105c213158 .functor BUFZ 11, C4<zzzzzzzzzzz>; HiZ drive
v0x7f412dda60_57 .net v0x7f412dda60 57, 10 0, o0x7f105c213158; 0 drivers
o0x7f105c213188 .functor BUFZ 11, C4<zzzzzzzzzzz>; HiZ drive
v0x7f412dda60_58 .net v0x7f412dda60 58, 10 0, o0x7f105c213188; 0 drivers
o0x7f105c2131b8 .functor BUFZ 11, C4<zzzzzzzzzzz>; HiZ drive
v0x7f412dda60_59 .net v0x7f412dda60 59, 10 0, o0x7f105c2131b8; 0 drivers
o0x7f105c2131e8 .functor BUFZ 11, C4<zzzzzzzzzzz>; HiZ drive
v0x7f412dda60_60 .net v0x7f412dda60 60, 10 0, o0x7f105c2131e8; 0 drivers
o0x7f105c213218 .functor BUFZ 11, C4<zzzzzzzzzzz>; HiZ drive
v0x7f412dda60_61 .net v0x7f412dda60 61, 10 0, o0x7f105c213218; 0 drivers
o0x7f105c213248 .functor BUFZ 11, C4<zzzzzzzzzzz>; HiZ drive
v0x7f412dda60_62 .net v0x7f412dda60 62, 10 0, o0x7f105c213248; 0 drivers
o0x7f105c213278 .functor BUFZ 11, C4<zzzzzzzzzzz>; HiZ drive
v0x7f412dda60_63 .net v0x7f412dda60 63, 10 0, o0x7f105c213278; 0 drivers
L_0x7f412f8190 .part L_0x7f41255820, 10, 1;
L_0x7f412f8290 .part L_0x7f41255820, 9, 1;
L_0x7f412f83b0 .part L_0x7f41255820, 8, 1;
L_0x7f412f8450 .part L_0x7f41255820, 7, 1;
L_0x7f412f85e0 .part L_0x7f41255820, 6, 1;
L_0x7f412f86b0 .part L_0x7f41255820, 5, 1;
L_0x7f412f87c0 .part L_0x7f41255820, 4, 1;
L_0x7f412f8860 .part L_0x7f41255820, 3, 1;
L_0x7f412f8a90 .part L_0x7f41255820, 2, 1;
L_0x7f412f8b60 .part L_0x7f41255820, 0, 2;
L_0x7f412f8c90 .array/port v0x7f412dda60, L_0x7f412f8d90;
L_0x7f412f8d90 .concat [ 6 2 0 0], o0x7f105c212618, L_0x7f105c1961c8;
S_0x7f412bb8f0 .scope module, "Data_Memory" "Data_Memory" 6 1;
 .timescale 0 0;
    .port_info 0 /INPUT 1 "clk_i"
    .port_info 1 /INPUT 1 "rst_i"
    .port_info 2 /INPUT 32 "addr_i"
    .port_info 3 /INPUT 256 "data_i"
    .port_info 4 /INPUT 1 "enable_i"
    .port_info 5 /INPUT 1 "write_i"
    .port_info 6 /OUTPUT 1 "ack_o"
    .port_info 7 /OUTPUT 256 "data_o"
P_0x7f41258800 .param/l "STATE_IDLE" 0 6 32, C4<0>;
P_0x7f41258840 .param/l "STATE_WAIT" 0 6 33, C4<1>;
L_0x7f412f8f20 .functor BUFZ 1, L_0x7f412f9640, C4<0>, C4<0>, C4<0>;
L_0x7f412f9320 .functor BUFZ 256, v0x7f412df010_0, C4<0000000000000000000000000000000000000000000000000000000000000000000000000000000000000000000000000000000000000000000000000000000000000000000000000000000000000000000000000000000000000000000000000000000000000000000000000000000000000000000000000000000000000000>, C4<0000000000000000000000000000000000000000000000000000000000000000000000000000000000000000000000000000000000000000000000000000000000000000000000000000000000000000000000000000000000000000000000000000000000000000000000000000000000000000000000000000000000000000>, C4<0000000000000000000000000000000000000000000000000000000000000000000000000000000000000000000000000000000000000000000000000000000000000000000000000000000000000000000000000000000000000000000000000000000000000000000000000000000000000000000000000000000000000000>;
L_0x7f412f9640 .functor AND 1, L_0x7f412f93c0, L_0x7f412f94f0, C4<1>, C4<1>;
L_0x7f105c196258 .functor BUFT 1, C4<01>, C4<0>, C4<0>, C4<0>;
v0x7f412de4c0_0 .net/2u *"_s12", 1 0, L_0x7f105c196258;  1 drivers
v0x7f412de5c0_0 .net *"_s14", 0 0, L_0x7f412f93c0;  1 drivers
L_0x7f105c1962a0 .functor BUFT 1, C4<1001>, C4<0>, C4<0>, C4<0>;
v0x7f412de680_0 .net/2u *"_s16", 3 0, L_0x7f105c1962a0;  1 drivers
v0x7f412de740_0 .net *"_s18", 0 0, L_0x7f412f94f0;  1 drivers
v0x7f412de800_0 .net *"_s2", 31 0, L_0x7f412f90c0;  1 drivers
v0x7f412de8e0_0 .net *"_s4", 26 0, L_0x7f412f8f90;  1 drivers
L_0x7f105c196210 .functor BUFT 1, C4<00000>, C4<0>, C4<0>, C4<0>;
v0x7f412de9c0_0 .net *"_s6", 4 0, L_0x7f105c196210;  1 drivers
v0x7f412deaa0_0 .net "ack", 0 0, L_0x7f412f9640;  1 drivers
v0x7f412deb60_0 .net "ack_o", 0 0, L_0x7f412f8f20;  1 drivers
v0x7f412decb0_0 .net "addr", 26 0, L_0x7f412f9230;  1 drivers
o0x7f105c213698 .functor BUFZ 32, C4<zzzzzzzzzzzzzzzzzzzzzzzzzzzzzzzz>; HiZ drive
v0x7f412ded90_0 .net "addr_i", 31 0, o0x7f105c213698;  0 drivers
o0x7f105c2136c8 .functor BUFZ 1, C4<z>; HiZ drive
v0x7f412dee70_0 .net "clk_i", 0 0, o0x7f105c2136c8;  0 drivers
v0x7f412def30_0 .var "count", 3 0;
v0x7f412df010_0 .var "data", 255 0;
o0x7f105c213758 .functor BUFZ 256, C4<zzzzzzzzzzzzzzzzzzzzzzzzzzzzzzzzzzzzzzzzzzzzzzzzzzzzzzzzzzzzzzzzzzzzzzzzzzzzzzzzzzzzzzzzzzzzzzzzzzzzzzzzzzzzzzzzzzzzzzzzzzzzzzzzzzzzzzzzzzzzzzzzzzzzzzzzzzzzzzzzzzzzzzzzzzzzzzzzzzzzzzzzzzzzzzzzzzzzzzzzzzzzzzzzzzzzzzzzzzzzzzzzzzzzzzzzzzzzzzzzzzzzzzzzzzzzzzzz>; HiZ drive
v0x7f412df0f0_0 .net "data_i", 255 0, o0x7f105c213758;  0 drivers
v0x7f412df1d0_0 .net "data_o", 255 0, L_0x7f412f9320;  1 drivers
o0x7f105c2137b8 .functor BUFZ 1, C4<z>; HiZ drive
v0x7f412df2b0_0 .net "enable_i", 0 0, o0x7f105c2137b8;  0 drivers
v0x7f412df480 .array "memory", 511 0, 255 0;
o0x7f105c2137e8 .functor BUFZ 1, C4<z>; HiZ drive
v0x7f412df540_0 .net "rst_i", 0 0, o0x7f105c2137e8;  0 drivers
v0x7f412df600_0 .var "state", 1 0;
o0x7f105c213848 .functor BUFZ 1, C4<z>; HiZ drive
v0x7f412df6e0_0 .net "write_i", 0 0, o0x7f105c213848;  0 drivers
v0x7f412df7a0_0 .var "write_reg", 0 0;
E_0x7f41270830 .event posedge, v0x7f412dee70_0;
L_0x7f412f8f90 .part o0x7f105c213698, 5, 27;
L_0x7f412f90c0 .concat [ 27 5 0 0], L_0x7f412f8f90, L_0x7f105c196210;
L_0x7f412f9230 .part L_0x7f412f90c0, 0, 27;
L_0x7f412f93c0 .cmp/eq 2, v0x7f412df600_0, L_0x7f105c196258;
L_0x7f412f94f0 .cmp/eq 4, v0x7f412def30_0, L_0x7f105c1962a0;
S_0x7f412b8cd0 .scope module, "EX_MEM" "EX_MEM" 7 1;
 .timescale 0 0;
    .port_info 0 /INPUT 1 "clk_i"
    .port_info 1 /INPUT 1 "memtoreg_i"
    .port_info 2 /INPUT 1 "regwrite_i"
    .port_info 3 /INPUT 1 "memwrite_i"
    .port_info 4 /INPUT 32 "result_i"
    .port_info 5 /INPUT 32 "data_i"
    .port_info 6 /INPUT 1 "stall_i"
    .port_info 7 /INPUT 5 "RD_i"
    .port_info 8 /OUTPUT 1 "memtoreg_o"
    .port_info 9 /OUTPUT 1 "regwrite_o"
    .port_info 10 /OUTPUT 1 "memwrite_o"
    .port_info 11 /OUTPUT 32 "result_o"
    .port_info 12 /OUTPUT 32 "data_o"
    .port_info 13 /OUTPUT 5 "RD_o"
    .port_info 14 /NODIR 0 "unnamed"
o0x7f105c213a28 .functor BUFZ 5, C4<zzzzz>; HiZ drive
v0x7f412df9a0_0 .net "RD_i", 4 0, o0x7f105c213a28;  0 drivers
v0x7f412dfaa0_0 .var "RD_o", 4 0;
o0x7f105c213a88 .functor BUFZ 1, C4<z>; HiZ drive
v0x7f412dfb80_0 .net "clk_i", 0 0, o0x7f105c213a88;  0 drivers
o0x7f105c213ab8 .functor BUFZ 32, C4<zzzzzzzzzzzzzzzzzzzzzzzzzzzzzzzz>; HiZ drive
v0x7f412dfc20_0 .net "data_i", 31 0, o0x7f105c213ab8;  0 drivers
v0x7f412dfd00_0 .var "data_o", 31 0;
o0x7f105c213b18 .functor BUFZ 1, C4<z>; HiZ drive
v0x7f412dfde0_0 .net "memtoreg_i", 0 0, o0x7f105c213b18;  0 drivers
v0x7f412dfea0_0 .var "memtoreg_o", 0 0;
o0x7f105c213b78 .functor BUFZ 1, C4<z>; HiZ drive
v0x7f412dff60_0 .net "memwrite_i", 0 0, o0x7f105c213b78;  0 drivers
v0x7f412e0020_0 .var "memwrite_o", 0 0;
o0x7f105c213bd8 .functor BUFZ 1, C4<z>; HiZ drive
v0x7f412e00e0_0 .net "regwrite_i", 0 0, o0x7f105c213bd8;  0 drivers
v0x7f412e01a0_0 .var "regwrite_o", 0 0;
o0x7f105c213c38 .functor BUFZ 32, C4<zzzzzzzzzzzzzzzzzzzzzzzzzzzzzzzz>; HiZ drive
v0x7f412e0260_0 .net "result_i", 31 0, o0x7f105c213c38;  0 drivers
v0x7f412e0340_0 .var "result_o", 31 0;
o0x7f105c213c98 .functor BUFZ 1, C4<z>; HiZ drive
v0x7f412e0420_0 .net "stall_i", 0 0, o0x7f105c213c98;  0 drivers
E_0x7f41270d10 .event posedge, v0x7f412dfb80_0;
S_0x7f41258890 .scope module, "Equal" "Equal" 8 1;
 .timescale 0 0;
    .port_info 0 /INPUT 32 "data0_i"
    .port_info 1 /INPUT 32 "data1_i"
    .port_info 2 /OUTPUT 1 "data_o"
    .port_info 3 /NODIR 0 "unnamed"
o0x7f105c213f68 .functor BUFZ 32, C4<zzzzzzzzzzzzzzzzzzzzzzzzzzzzzzzz>; HiZ drive
v0x7f412e0720_0 .net "data0_i", 31 0, o0x7f105c213f68;  0 drivers
o0x7f105c213f98 .functor BUFZ 32, C4<zzzzzzzzzzzzzzzzzzzzzzzzzzzzzzzz>; HiZ drive
v0x7f412e0820_0 .net "data1_i", 31 0, o0x7f105c213f98;  0 drivers
v0x7f412e0900_0 .net "data_o", 0 0, L_0x7f412f97a0;  1 drivers
L_0x7f412f97a0 .cmp/eq 32, o0x7f105c213f68, o0x7f105c213f98;
S_0x7f41258a10 .scope module, "Forward" "Forward" 9 1;
 .timescale 0 0;
    .port_info 0 /INPUT 1 "MEM_WB_regwrite_i"
    .port_info 1 /INPUT 1 "EX_MEM_regwrite_i"
    .port_info 2 /INPUT 5 "MEM_WB_RD_i"
    .port_info 3 /INPUT 5 "EX_MEM_RD_i"
    .port_info 4 /INPUT 5 "ID_EX_RS_i"
    .port_info 5 /INPUT 5 "ID_EX_RT_i"
    .port_info 6 /OUTPUT 2 "forward_RS_o"
    .port_info 7 /OUTPUT 2 "forward_RT_o"
o0x7f105c214088 .functor BUFZ 5, C4<zzzzz>; HiZ drive
v0x7f412e0aa0_0 .net "EX_MEM_RD_i", 4 0, o0x7f105c214088;  0 drivers
o0x7f105c2140b8 .functor BUFZ 1, C4<z>; HiZ drive
v0x7f412e0ba0_0 .net "EX_MEM_regwrite_i", 0 0, o0x7f105c2140b8;  0 drivers
o0x7f105c2140e8 .functor BUFZ 5, C4<zzzzz>; HiZ drive
v0x7f412e0c60_0 .net "ID_EX_RS_i", 4 0, o0x7f105c2140e8;  0 drivers
o0x7f105c214118 .functor BUFZ 5, C4<zzzzz>; HiZ drive
v0x7f412e0d50_0 .net "ID_EX_RT_i", 4 0, o0x7f105c214118;  0 drivers
o0x7f105c214148 .functor BUFZ 5, C4<zzzzz>; HiZ drive
v0x7f412e0e30_0 .net "MEM_WB_RD_i", 4 0, o0x7f105c214148;  0 drivers
o0x7f105c214178 .functor BUFZ 1, C4<z>; HiZ drive
v0x7f412e0f10_0 .net "MEM_WB_regwrite_i", 0 0, o0x7f105c214178;  0 drivers
v0x7f412e0fd0_0 .var "forward_RS_o", 1 0;
v0x7f412e10b0_0 .var "forward_RT_o", 1 0;
E_0x7f412e0a20/0 .event edge, v0x7f412e0ba0_0, v0x7f412e0aa0_0, v0x7f412e0c60_0, v0x7f412e0d50_0;
E_0x7f412e0a20/1 .event edge, v0x7f412e0f10_0, v0x7f412e0e30_0;
E_0x7f412e0a20 .event/or E_0x7f412e0a20/0, E_0x7f412e0a20/1;
S_0x7f412723c0 .scope module, "HazardDetection" "HazardDetection" 10 1;
 .timescale 0 0;
    .port_info 0 /INPUT 1 "ID_EX_memread_i"
    .port_info 1 /INPUT 5 "ID_EX_RT_i"
    .port_info 2 /INPUT 5 "IF_ID_RS_i"
    .port_info 3 /INPUT 5 "IF_ID_RT_i"
    .port_info 4 /OUTPUT 1 "ID_EX_nop_o"
    .port_info 5 /OUTPUT 1 "IF_ID_write_o"
    .port_info 6 /OUTPUT 1 "pc_write_o"
o0x7f105c214388 .functor BUFZ 5, C4<zzzzz>; HiZ drive
v0x7f412e1370_0 .net "ID_EX_RT_i", 4 0, o0x7f105c214388;  0 drivers
o0x7f105c2143b8 .functor BUFZ 1, C4<z>; HiZ drive
v0x7f412e1470_0 .net "ID_EX_memread_i", 0 0, o0x7f105c2143b8;  0 drivers
v0x7f412e1530_0 .var "ID_EX_nop_o", 0 0;
o0x7f105c214418 .functor BUFZ 5, C4<zzzzz>; HiZ drive
v0x7f412e15d0_0 .net "IF_ID_RS_i", 4 0, o0x7f105c214418;  0 drivers
o0x7f105c214448 .functor BUFZ 5, C4<zzzzz>; HiZ drive
v0x7f412e16b0_0 .net "IF_ID_RT_i", 4 0, o0x7f105c214448;  0 drivers
v0x7f412e1790_0 .var "IF_ID_write_o", 0 0;
v0x7f412e1850_0 .var "pc_write_o", 0 0;
E_0x7f412e12e0 .event edge, v0x7f412e1470_0, v0x7f412e1370_0, v0x7f412e15d0_0, v0x7f412e16b0_0;
S_0x7f412725f0 .scope module, "ID_EX" "ID_EX" 11 1;
 .timescale 0 0;
    .port_info 0 /INPUT 1 "clk_i"
    .port_info 1 /INPUT 1 "regdst_i"
    .port_info 2 /INPUT 1 "alusrc_i"
    .port_info 3 /INPUT 1 "memtoreg_i"
    .port_info 4 /INPUT 1 "regwrite_i"
    .port_info 5 /INPUT 1 "memread_i"
    .port_info 6 /INPUT 1 "memwrite_i"
    .port_info 7 /INPUT 2 "aluop_i"
    .port_info 8 /INPUT 32 "RS_i"
    .port_info 9 /INPUT 32 "RT_i"
    .port_info 10 /INPUT 32 "signextend_i"
    .port_info 11 /INPUT 5 "RSaddr_i"
    .port_info 12 /INPUT 5 "RTaddr_i"
    .port_info 13 /INPUT 5 "RDaddr_i"
    .port_info 14 /INPUT 1 "stall_i"
    .port_info 15 /OUTPUT 1 "regdst_o"
    .port_info 16 /OUTPUT 1 "alusrc_o"
    .port_info 17 /OUTPUT 1 "memtoreg_o"
    .port_info 18 /OUTPUT 1 "regwrite_o"
    .port_info 19 /OUTPUT 1 "memread_o"
    .port_info 20 /OUTPUT 1 "memwrite_o"
    .port_info 21 /OUTPUT 2 "aluop_o"
    .port_info 22 /OUTPUT 32 "RS_o"
    .port_info 23 /OUTPUT 32 "RT_o"
    .port_info 24 /OUTPUT 32 "signextend_o"
    .port_info 25 /OUTPUT 5 "RSaddr_o"
    .port_info 26 /OUTPUT 5 "RTaddr_o"
    .port_info 27 /OUTPUT 5 "RDaddr_o"
    .port_info 28 /NODIR 0 "unnamed"
o0x7f105c214628 .functor BUFZ 5, C4<zzzzz>; HiZ drive
v0x7f412e1a70_0 .net "RDaddr_i", 4 0, o0x7f105c214628;  0 drivers
v0x7f412e1b70_0 .var "RDaddr_o", 4 0;
o0x7f105c214688 .functor BUFZ 32, C4<zzzzzzzzzzzzzzzzzzzzzzzzzzzzzzzz>; HiZ drive
v0x7f412e1c50_0 .net "RS_i", 31 0, o0x7f105c214688;  0 drivers
v0x7f412e1d10_0 .var "RS_o", 31 0;
o0x7f105c2146e8 .functor BUFZ 5, C4<zzzzz>; HiZ drive
v0x7f412e1df0_0 .net "RSaddr_i", 4 0, o0x7f105c2146e8;  0 drivers
v0x7f412e1f20_0 .var "RSaddr_o", 4 0;
o0x7f105c214748 .functor BUFZ 32, C4<zzzzzzzzzzzzzzzzzzzzzzzzzzzzzzzz>; HiZ drive
v0x7f412e2000_0 .net "RT_i", 31 0, o0x7f105c214748;  0 drivers
v0x7f412e20e0_0 .var "RT_o", 31 0;
o0x7f105c2147a8 .functor BUFZ 5, C4<zzzzz>; HiZ drive
v0x7f412e21c0_0 .net "RTaddr_i", 4 0, o0x7f105c2147a8;  0 drivers
v0x7f412e2330_0 .var "RTaddr_o", 4 0;
o0x7f105c214808 .functor BUFZ 2, C4<zz>; HiZ drive
v0x7f412e2410_0 .net "aluop_i", 1 0, o0x7f105c214808;  0 drivers
v0x7f412e24f0_0 .var "aluop_o", 1 0;
o0x7f105c214868 .functor BUFZ 1, C4<z>; HiZ drive
v0x7f412e25d0_0 .net "alusrc_i", 0 0, o0x7f105c214868;  0 drivers
v0x7f412e2690_0 .var "alusrc_o", 0 0;
o0x7f105c2148c8 .functor BUFZ 1, C4<z>; HiZ drive
v0x7f412e2750_0 .net "clk_i", 0 0, o0x7f105c2148c8;  0 drivers
o0x7f105c2148f8 .functor BUFZ 1, C4<z>; HiZ drive
v0x7f412e2810_0 .net "memread_i", 0 0, o0x7f105c2148f8;  0 drivers
v0x7f412e28d0_0 .var "memread_o", 0 0;
o0x7f105c214958 .functor BUFZ 1, C4<z>; HiZ drive
v0x7f412e2aa0_0 .net "memtoreg_i", 0 0, o0x7f105c214958;  0 drivers
v0x7f412e2b60_0 .var "memtoreg_o", 0 0;
o0x7f105c2149b8 .functor BUFZ 1, C4<z>; HiZ drive
v0x7f412e2c20_0 .net "memwrite_i", 0 0, o0x7f105c2149b8;  0 drivers
v0x7f412e2ce0_0 .var "memwrite_o", 0 0;
o0x7f105c214a18 .functor BUFZ 1, C4<z>; HiZ drive
v0x7f412e2da0_0 .net "regdst_i", 0 0, o0x7f105c214a18;  0 drivers
v0x7f412e2e60_0 .var "regdst_o", 0 0;
o0x7f105c214a78 .functor BUFZ 1, C4<z>; HiZ drive
v0x7f412e2f20_0 .net "regwrite_i", 0 0, o0x7f105c214a78;  0 drivers
v0x7f412e2fe0_0 .var "regwrite_o", 0 0;
o0x7f105c214ad8 .functor BUFZ 32, C4<zzzzzzzzzzzzzzzzzzzzzzzzzzzzzzzz>; HiZ drive
v0x7f412e30a0_0 .net "signextend_i", 31 0, o0x7f105c214ad8;  0 drivers
v0x7f412e3180_0 .var "signextend_o", 31 0;
o0x7f105c214b38 .functor BUFZ 1, C4<z>; HiZ drive
v0x7f412e3260_0 .net "stall_i", 0 0, o0x7f105c214b38;  0 drivers
E_0x7f412592f0 .event posedge, v0x7f412e2750_0;
S_0x7f412641d0 .scope module, "IF_ID" "IF_ID" 12 1;
 .timescale 0 0;
    .port_info 0 /INPUT 1 "clk_i"
    .port_info 1 /INPUT 1 "flush_i"
    .port_info 2 /INPUT 1 "hazard_i"
    .port_info 3 /INPUT 32 "pc_i"
    .port_info 4 /INPUT 32 "instr_i"
    .port_info 5 /INPUT 1 "stall_i"
    .port_info 6 /OUTPUT 32 "pc_o"
    .port_info 7 /OUTPUT 32 "instr_o"
    .port_info 8 /NODIR 0 "unnamed"
o0x7f105c2150a8 .functor BUFZ 1, C4<z>; HiZ drive
v0x7f412e3810_0 .net "clk_i", 0 0, o0x7f105c2150a8;  0 drivers
o0x7f105c2150d8 .functor BUFZ 1, C4<z>; HiZ drive
v0x7f412e38f0_0 .net "flush_i", 0 0, o0x7f105c2150d8;  0 drivers
o0x7f105c215108 .functor BUFZ 1, C4<z>; HiZ drive
v0x7f412e39b0_0 .net "hazard_i", 0 0, o0x7f105c215108;  0 drivers
o0x7f105c215138 .functor BUFZ 32, C4<zzzzzzzzzzzzzzzzzzzzzzzzzzzzzzzz>; HiZ drive
v0x7f412e3a50_0 .net "instr_i", 31 0, o0x7f105c215138;  0 drivers
v0x7f412e3b30_0 .var "instr_o", 31 0;
o0x7f105c215198 .functor BUFZ 32, C4<zzzzzzzzzzzzzzzzzzzzzzzzzzzzzzzz>; HiZ drive
v0x7f412e3c10_0 .net "pc_i", 31 0, o0x7f105c215198;  0 drivers
v0x7f412e3cf0_0 .var "pc_o", 31 0;
o0x7f105c2151f8 .functor BUFZ 1, C4<z>; HiZ drive
v0x7f412e3dd0_0 .net "stall_i", 0 0, o0x7f105c2151f8;  0 drivers
E_0x7f412e3790 .event posedge, v0x7f412e3810_0;
S_0x7f41264430 .scope module, "InstructionMemory" "InstructionMemory" 13 1;
 .timescale 0 0;
    .port_info 0 /INPUT 32 "addr_i"
    .port_info 1 /OUTPUT 32 "instr_o"
L_0x7f412f9bd0 .functor BUFZ 32, L_0x7f412f9840, C4<00000000000000000000000000000000>, C4<00000000000000000000000000000000>, C4<00000000000000000000000000000000>;
v0x7f412e3fe0_0 .net *"_s0", 31 0, L_0x7f412f9840;  1 drivers
v0x7f412e40e0_0 .net *"_s2", 31 0, L_0x7f412f9a40;  1 drivers
v0x7f412e41c0_0 .net *"_s4", 29 0, L_0x7f412f9910;  1 drivers
L_0x7f105c1962e8 .functor BUFT 1, C4<00>, C4<0>, C4<0>, C4<0>;
v0x7f412e4280_0 .net *"_s6", 1 0, L_0x7f105c1962e8;  1 drivers
o0x7f105c215468 .functor BUFZ 32, C4<zzzzzzzzzzzzzzzzzzzzzzzzzzzzzzzz>; HiZ drive
v0x7f412e4360_0 .net "addr_i", 31 0, o0x7f105c215468;  0 drivers
v0x7f412e4440_0 .net "instr_o", 31 0, L_0x7f412f9bd0;  1 drivers
v0x7f412e4520 .array "memory", 255 0, 31 0;
L_0x7f412f9840 .array/port v0x7f412e4520, L_0x7f412f9a40;
L_0x7f412f9910 .part o0x7f105c215468, 2, 30;
L_0x7f412f9a40 .concat [ 30 2 0 0], L_0x7f412f9910, L_0x7f105c1962e8;
S_0x7f412871a0 .scope module, "MEM_WB" "MEM_WB" 14 1;
 .timescale 0 0;
    .port_info 0 /INPUT 1 "clk_i"
    .port_info 1 /INPUT 1 "memtoreg_i"
    .port_info 2 /INPUT 1 "regwrite_i"
    .port_info 3 /INPUT 32 "data_i"
    .port_info 4 /INPUT 32 "result_i"
    .port_info 5 /INPUT 5 "RD_i"
    .port_info 6 /INPUT 1 "stall_i"
    .port_info 7 /OUTPUT 1 "memtoreg_o"
    .port_info 8 /OUTPUT 1 "regwrite_o"
    .port_info 9 /OUTPUT 32 "data_o"
    .port_info 10 /OUTPUT 32 "result_o"
    .port_info 11 /OUTPUT 5 "RD_o"
    .port_info 12 /NODIR 0 "unnamed"
o0x7f105c215528 .functor BUFZ 5, C4<zzzzz>; HiZ drive
v0x7f412e46a0_0 .net "RD_i", 4 0, o0x7f105c215528;  0 drivers
v0x7f412e47a0_0 .var "RD_o", 4 0;
o0x7f105c215588 .functor BUFZ 1, C4<z>; HiZ drive
v0x7f412e4880_0 .net "clk_i", 0 0, o0x7f105c215588;  0 drivers
o0x7f105c2155b8 .functor BUFZ 32, C4<zzzzzzzzzzzzzzzzzzzzzzzzzzzzzzzz>; HiZ drive
v0x7f412e4920_0 .net "data_i", 31 0, o0x7f105c2155b8;  0 drivers
v0x7f412e4a00_0 .var "data_o", 31 0;
o0x7f105c215618 .functor BUFZ 1, C4<z>; HiZ drive
v0x7f412e4b30_0 .net "memtoreg_i", 0 0, o0x7f105c215618;  0 drivers
v0x7f412e4bf0_0 .var "memtoreg_o", 0 0;
o0x7f105c215678 .functor BUFZ 1, C4<z>; HiZ drive
v0x7f412e4cb0_0 .net "regwrite_i", 0 0, o0x7f105c215678;  0 drivers
v0x7f412e4d70_0 .var "regwrite_o", 0 0;
o0x7f105c2156d8 .functor BUFZ 32, C4<zzzzzzzzzzzzzzzzzzzzzzzzzzzzzzzz>; HiZ drive
v0x7f412e4e30_0 .net "result_i", 31 0, o0x7f105c2156d8;  0 drivers
v0x7f412e4f10_0 .var "result_o", 31 0;
o0x7f105c215738 .functor BUFZ 1, C4<z>; HiZ drive
v0x7f412e4ff0_0 .net "stall_i", 0 0, o0x7f105c215738;  0 drivers
E_0x7f412e4640 .event posedge, v0x7f412e4880_0;
S_0x7f41287320 .scope module, "MUX32" "MUX32" 15 1;
 .timescale 0 0;
    .port_info 0 /INPUT 32 "data0_i"
    .port_info 1 /INPUT 32 "data1_i"
    .port_info 2 /INPUT 1 "select_i"
    .port_info 3 /OUTPUT 32 "data_o"
o0x7f105c215b58 .functor BUFZ 1, C4<z>; HiZ drive
L_0x7f105c196330 .functor BUFT 1, C4<0>, C4<0>, C4<0>, C4<0>;
L_0x7f412f9c90 .functor XNOR 1, o0x7f105c215b58, L_0x7f105c196330, C4<0>, C4<0>;
L_0x7f105c196378 .functor BUFT 1, C4<1>, C4<0>, C4<0>, C4<0>;
L_0x7f412f9d50 .functor XNOR 1, o0x7f105c215b58, L_0x7f105c196378, C4<0>, C4<0>;
v0x7f412e52a0_0 .net/2u *"_s0", 0 0, L_0x7f105c196330;  1 drivers
v0x7f412e53a0_0 .net *"_s10", 31 0, L_0x7f412f9ec0;  1 drivers
v0x7f412e5480_0 .net *"_s2", 0 0, L_0x7f412f9c90;  1 drivers
v0x7f412e5520_0 .net/2u *"_s4", 0 0, L_0x7f105c196378;  1 drivers
v0x7f412e5600_0 .net *"_s6", 0 0, L_0x7f412f9d50;  1 drivers
L_0x7f105c1963c0 .functor BUFT 1, C4<00000000000000000000000000000000>, C4<0>, C4<0>, C4<0>;
v0x7f412e56c0_0 .net/2u *"_s8", 31 0, L_0x7f105c1963c0;  1 drivers
o0x7f105c215ac8 .functor BUFZ 32, C4<zzzzzzzzzzzzzzzzzzzzzzzzzzzzzzzz>; HiZ drive
v0x7f412e57a0_0 .net "data0_i", 31 0, o0x7f105c215ac8;  0 drivers
o0x7f105c215af8 .functor BUFZ 32, C4<zzzzzzzzzzzzzzzzzzzzzzzzzzzzzzzz>; HiZ drive
v0x7f412e5880_0 .net "data1_i", 31 0, o0x7f105c215af8;  0 drivers
v0x7f412e5960_0 .net "data_o", 31 0, L_0x7f412fa000;  1 drivers
v0x7f412e5ad0_0 .net "select_i", 0 0, o0x7f105c215b58;  0 drivers
L_0x7f412f9ec0 .functor MUXZ 32, L_0x7f105c1963c0, o0x7f105c215af8, L_0x7f412f9d50, C4<>;
L_0x7f412fa000 .functor MUXZ 32, L_0x7f412f9ec0, o0x7f105c215ac8, L_0x7f412f9c90, C4<>;
S_0x7f41273490 .scope module, "MUX5" "MUX5" 16 1;
 .timescale 0 0;
    .port_info 0 /INPUT 5 "data0_i"
    .port_info 1 /INPUT 5 "data1_i"
    .port_info 2 /INPUT 1 "select_i"
    .port_info 3 /OUTPUT 5 "data_o"
o0x7f105c215d38 .functor BUFZ 1, C4<z>; HiZ drive
L_0x7f105c196408 .functor BUFT 1, C4<0>, C4<0>, C4<0>, C4<0>;
L_0x7f412fa140 .functor XNOR 1, o0x7f105c215d38, L_0x7f105c196408, C4<0>, C4<0>;
v0x7f412e5c10_0 .net/2u *"_s0", 0 0, L_0x7f105c196408;  1 drivers
v0x7f412e5d10_0 .net *"_s2", 0 0, L_0x7f412fa140;  1 drivers
o0x7f105c215ca8 .functor BUFZ 5, C4<zzzzz>; HiZ drive
v0x7f412e5dd0_0 .net "data0_i", 4 0, o0x7f105c215ca8;  0 drivers
o0x7f105c215cd8 .functor BUFZ 5, C4<zzzzz>; HiZ drive
v0x7f412e5e90_0 .net "data1_i", 4 0, o0x7f105c215cd8;  0 drivers
v0x7f412e5f70_0 .net "data_o", 4 0, L_0x7f412fa260;  1 drivers
v0x7f412e6050_0 .net "select_i", 0 0, o0x7f105c215d38;  0 drivers
L_0x7f412fa260 .functor MUXZ 5, o0x7f105c215cd8, o0x7f105c215ca8, L_0x7f412fa140, C4<>;
S_0x7f41273680 .scope module, "MUX8" "MUX8" 17 1;
 .timescale 0 0;
    .port_info 0 /INPUT 1 "ID_EX_nop_i"
    .port_info 1 /INPUT 8 "control_i"
    .port_info 2 /OUTPUT 8 "data_o"
o0x7f105c215e28 .functor BUFZ 1, C4<z>; HiZ drive
v0x7f412e6190_0 .net "ID_EX_nop_i", 0 0, o0x7f105c215e28;  0 drivers
v0x7f412e6270_0 .net *"_s0", 31 0, L_0x7f412fa380;  1 drivers
L_0x7f105c196450 .functor BUFT 1, C4<0000000000000000000000000000000>, C4<0>, C4<0>, C4<0>;
v0x7f412e6350_0 .net *"_s3", 30 0, L_0x7f105c196450;  1 drivers
L_0x7f105c196498 .functor BUFT 1, C4<00000000000000000000000000000000>, C4<0>, C4<0>, C4<0>;
v0x7f412e6410_0 .net/2u *"_s4", 31 0, L_0x7f105c196498;  1 drivers
v0x7f412e64f0_0 .net *"_s6", 0 0, L_0x7f412fa610;  1 drivers
L_0x7f105c1964e0 .functor BUFT 1, C4<00000000>, C4<0>, C4<0>, C4<0>;
v0x7f412e6600_0 .net/2u *"_s8", 7 0, L_0x7f105c1964e0;  1 drivers
o0x7f105c215f48 .functor BUFZ 8, C4<zzzzzzzz>; HiZ drive
v0x7f412e66e0_0 .net "control_i", 7 0, o0x7f105c215f48;  0 drivers
v0x7f412e67c0_0 .net "data_o", 7 0, L_0x7f412fa780;  1 drivers
L_0x7f412fa380 .concat [ 1 31 0 0], o0x7f105c215e28, L_0x7f105c196450;
L_0x7f412fa610 .cmp/eq 32, L_0x7f412fa380, L_0x7f105c196498;
L_0x7f412fa780 .functor MUXZ 8, L_0x7f105c1964e0, o0x7f105c215f48, L_0x7f412fa610, C4<>;
S_0x7f4125b660 .scope module, "MUXForward" "MUXForward" 18 1;
 .timescale 0 0;
    .port_info 0 /INPUT 32 "data0_i"
    .port_info 1 /INPUT 32 "data1_i"
    .port_info 2 /INPUT 32 "data2_i"
    .port_info 3 /INPUT 2 "select_i"
    .port_info 4 /OUTPUT 32 "data_o"
L_0x7f105c196528 .functor BUFT 1, C4<00>, C4<0>, C4<0>, C4<0>;
v0x7f412e6920_0 .net/2u *"_s0", 1 0, L_0x7f105c196528;  1 drivers
v0x7f412e6a00_0 .net *"_s10", 0 0, L_0x7f412fab80;  1 drivers
v0x7f412e6ac0_0 .net *"_s12", 31 0, L_0x7f412fac70;  1 drivers
v0x7f412e6b80_0 .net *"_s14", 31 0, L_0x7f412fadc0;  1 drivers
v0x7f412e6c60_0 .net *"_s2", 0 0, L_0x7f412fa8c0;  1 drivers
L_0x7f105c196570 .functor BUFT 1, C4<01>, C4<0>, C4<0>, C4<0>;
v0x7f412e6d70_0 .net/2u *"_s4", 1 0, L_0x7f105c196570;  1 drivers
v0x7f412e6e50_0 .net *"_s6", 0 0, L_0x7f412faa10;  1 drivers
L_0x7f105c1965b8 .functor BUFT 1, C4<10>, C4<0>, C4<0>, C4<0>;
v0x7f412e6f10_0 .net/2u *"_s8", 1 0, L_0x7f105c1965b8;  1 drivers
o0x7f105c2161b8 .functor BUFZ 32, C4<zzzzzzzzzzzzzzzzzzzzzzzzzzzzzzzz>; HiZ drive
v0x7f412e6ff0_0 .net "data0_i", 31 0, o0x7f105c2161b8;  0 drivers
o0x7f105c2161e8 .functor BUFZ 32, C4<zzzzzzzzzzzzzzzzzzzzzzzzzzzzzzzz>; HiZ drive
v0x7f412e7160_0 .net "data1_i", 31 0, o0x7f105c2161e8;  0 drivers
o0x7f105c216218 .functor BUFZ 32, C4<zzzzzzzzzzzzzzzzzzzzzzzzzzzzzzzz>; HiZ drive
v0x7f412e7240_0 .net "data2_i", 31 0, o0x7f105c216218;  0 drivers
v0x7f412e7320_0 .net "data_o", 31 0, L_0x7f412faf30;  1 drivers
o0x7f105c216278 .functor BUFZ 2, C4<zz>; HiZ drive
v0x7f412e7400_0 .net "select_i", 1 0, o0x7f105c216278;  0 drivers
L_0x7f412fa8c0 .cmp/eq 2, o0x7f105c216278, L_0x7f105c196528;
L_0x7f412faa10 .cmp/eq 2, o0x7f105c216278, L_0x7f105c196570;
L_0x7f412fab80 .cmp/eq 2, o0x7f105c216278, L_0x7f105c1965b8;
L_0x7f412fac70 .functor MUXZ 32, o0x7f105c2161b8, o0x7f105c216218, L_0x7f412fab80, C4<>;
L_0x7f412fadc0 .functor MUXZ 32, L_0x7f412fac70, o0x7f105c2161e8, L_0x7f412faa10, C4<>;
L_0x7f412faf30 .functor MUXZ 32, L_0x7f412fadc0, o0x7f105c2161b8, L_0x7f412fa8c0, C4<>;
S_0x7f4125b8f0 .scope module, "Shift2" "Shift2" 19 1;
 .timescale 0 0;
    .port_info 0 /INPUT 32 "data_i"
    .port_info 1 /OUTPUT 32 "data_o"
    .port_info 2 /NODIR 0 "unnamed"
v0x7f412e7580_0 .net *"_s1", 29 0, L_0x7f412fb100;  1 drivers
L_0x7f105c196600 .functor BUFT 1, C4<00>, C4<0>, C4<0>, C4<0>;
v0x7f412e7680_0 .net/2u *"_s2", 1 0, L_0x7f105c196600;  1 drivers
o0x7f105c2163f8 .functor BUFZ 32, C4<zzzzzzzzzzzzzzzzzzzzzzzzzzzzzzzz>; HiZ drive
v0x7f412e7760_0 .net "data_i", 31 0, o0x7f105c2163f8;  0 drivers
v0x7f412e7820_0 .net "data_o", 31 0, L_0x7f412fb1a0;  1 drivers
L_0x7f412fb100 .part o0x7f105c2163f8, 0, 30;
L_0x7f412fb1a0 .concat [ 2 30 0 0], L_0x7f105c196600, L_0x7f412fb100;
S_0x7f41260000 .scope module, "SignExtend" "SignExtend" 20 1;
 .timescale 0 0;
    .port_info 0 /INPUT 1 "extop_i"
    .port_info 1 /INPUT 16 "data_i"
    .port_info 2 /OUTPUT 32 "data_o"
o0x7f105c2165a8 .functor BUFZ 1, C4<z>; HiZ drive
L_0x7f412fb380 .functor AND 1, L_0x7f412fb2e0, o0x7f105c2165a8, C4<1>, C4<1>;
v0x7f412e7960_0 .net *"_s1", 0 0, L_0x7f412fb2e0;  1 drivers
v0x7f412e7a40_0 .net *"_s2", 0 0, L_0x7f412fb380;  1 drivers
v0x7f412e7b20_0 .net *"_s4", 15 0, L_0x7f412fb470;  1 drivers
o0x7f105c216548 .functor BUFZ 16, C4<zzzzzzzzzzzzzzzz>; HiZ drive
v0x7f412e7c10_0 .net "data_i", 15 0, o0x7f105c216548;  0 drivers
v0x7f412e7cf0_0 .net "data_o", 31 0, L_0x7f412fb940;  1 drivers
v0x7f412e7dd0_0 .net "extop_i", 0 0, o0x7f105c2165a8;  0 drivers
L_0x7f412fb2e0 .part o0x7f105c216548, 15, 1;
LS_0x7f412fb470_0_0 .concat [ 1 1 1 1], L_0x7f412fb380, L_0x7f412fb380, L_0x7f412fb380, L_0x7f412fb380;
LS_0x7f412fb470_0_4 .concat [ 1 1 1 1], L_0x7f412fb380, L_0x7f412fb380, L_0x7f412fb380, L_0x7f412fb380;
LS_0x7f412fb470_0_8 .concat [ 1 1 1 1], L_0x7f412fb380, L_0x7f412fb380, L_0x7f412fb380, L_0x7f412fb380;
LS_0x7f412fb470_0_12 .concat [ 1 1 1 1], L_0x7f412fb380, L_0x7f412fb380, L_0x7f412fb380, L_0x7f412fb380;
L_0x7f412fb470 .concat [ 4 4 4 4], LS_0x7f412fb470_0_0, LS_0x7f412fb470_0_4, LS_0x7f412fb470_0_8, LS_0x7f412fb470_0_12;
L_0x7f412fb940 .concat [ 16 16 0 0], o0x7f105c216548, L_0x7f412fb470;
    .scope S_0x7f412ae020;
T_0 ;
    %wait E_0x7f41270a70;
    %load/vec4 v0x7f412af280_0;
    %dup/vec4;
    %pushi/vec4 0, 0, 3;
    %cmp/u;
    %jmp/1 T_0.0, 6;
    %dup/vec4;
    %pushi/vec4 1, 0, 3;
    %cmp/u;
    %jmp/1 T_0.1, 6;
    %dup/vec4;
    %pushi/vec4 2, 0, 3;
    %cmp/u;
    %jmp/1 T_0.2, 6;
    %dup/vec4;
    %pushi/vec4 6, 0, 3;
    %cmp/u;
    %jmp/1 T_0.3, 6;
    %dup/vec4;
    %pushi/vec4 3, 0, 3;
    %cmp/u;
    %jmp/1 T_0.4, 6;
    %jmp T_0.5;
T_0.0 ;
    %load/vec4 v0x7f412afde0_0;
    %load/vec4 v0x7f412b08b0_0;
    %and;
    %store/vec4 v0x7f412b0ed0_0, 0, 32;
    %jmp T_0.5;
T_0.1 ;
    %load/vec4 v0x7f412afde0_0;
    %load/vec4 v0x7f412b08b0_0;
    %or;
    %store/vec4 v0x7f412b0ed0_0, 0, 32;
    %jmp T_0.5;
T_0.2 ;
    %load/vec4 v0x7f412afde0_0;
    %load/vec4 v0x7f412b08b0_0;
    %add;
    %store/vec4 v0x7f412b0ed0_0, 0, 32;
    %jmp T_0.5;
T_0.3 ;
    %load/vec4 v0x7f412afde0_0;
    %load/vec4 v0x7f412b08b0_0;
    %sub;
    %store/vec4 v0x7f412b0ed0_0, 0, 32;
    %jmp T_0.5;
T_0.4 ;
    %load/vec4 v0x7f412afde0_0;
    %load/vec4 v0x7f412b08b0_0;
    %mul;
    %store/vec4 v0x7f412b0ed0_0, 0, 32;
    %jmp T_0.5;
T_0.5 ;
    %pop/vec4 1;
    %jmp T_0;
    .thread T_0, $push;
    .scope S_0x7f412ace30;
T_1 ;
    %wait E_0x7f412705f0;
    %load/vec4 v0x7f412dc8e0_0;
    %dup/vec4;
    %pushi/vec4 3, 0, 2;
    %cmp/u;
    %jmp/1 T_1.0, 6;
    %dup/vec4;
    %pushi/vec4 0, 0, 2;
    %cmp/u;
    %jmp/1 T_1.1, 6;
    %dup/vec4;
    %pushi/vec4 1, 0, 2;
    %cmp/u;
    %jmp/1 T_1.2, 6;
    %dup/vec4;
    %pushi/vec4 2, 0, 2;
    %cmp/u;
    %jmp/1 T_1.3, 6;
    %jmp T_1.4;
T_1.0 ;
    %load/vec4 v0x7f412dc9c0_0;
    %dup/vec4;
    %pushi/vec4 32, 0, 6;
    %cmp/u;
    %jmp/1 T_1.5, 6;
    %dup/vec4;
    %pushi/vec4 34, 0, 6;
    %cmp/u;
    %jmp/1 T_1.6, 6;
    %dup/vec4;
    %pushi/vec4 36, 0, 6;
    %cmp/u;
    %jmp/1 T_1.7, 6;
    %dup/vec4;
    %pushi/vec4 37, 0, 6;
    %cmp/u;
    %jmp/1 T_1.8, 6;
    %dup/vec4;
    %pushi/vec4 24, 0, 6;
    %cmp/u;
    %jmp/1 T_1.9, 6;
    %jmp T_1.10;
T_1.5 ;
    %pushi/vec4 2, 0, 3;
    %store/vec4 v0x7f412dc7e0_0, 0, 3;
    %jmp T_1.10;
T_1.6 ;
    %pushi/vec4 6, 0, 3;
    %store/vec4 v0x7f412dc7e0_0, 0, 3;
    %jmp T_1.10;
T_1.7 ;
    %pushi/vec4 0, 0, 3;
    %store/vec4 v0x7f412dc7e0_0, 0, 3;
    %jmp T_1.10;
T_1.8 ;
    %pushi/vec4 1, 0, 3;
    %store/vec4 v0x7f412dc7e0_0, 0, 3;
    %jmp T_1.10;
T_1.9 ;
    %pushi/vec4 3, 0, 3;
    %store/vec4 v0x7f412dc7e0_0, 0, 3;
    %jmp T_1.10;
T_1.10 ;
    %pop/vec4 1;
    %jmp T_1.4;
T_1.1 ;
    %pushi/vec4 1, 0, 3;
    %store/vec4 v0x7f412dc7e0_0, 0, 3;
    %jmp T_1.4;
T_1.2 ;
    %pushi/vec4 2, 0, 3;
    %store/vec4 v0x7f412dc7e0_0, 0, 3;
    %jmp T_1.4;
T_1.3 ;
    %pushi/vec4 6, 0, 3;
    %store/vec4 v0x7f412dc7e0_0, 0, 3;
    %jmp T_1.4;
T_1.4 ;
    %pop/vec4 1;
    %jmp T_1;
    .thread T_1, $push;
    .scope S_0x7f412bb8f0;
T_2 ;
    %wait E_0x7f41270830;
    %load/vec4 v0x7f412df540_0;
    %inv;
    %flag_set/vec4 8;
    %jmp/0xz  T_2.0, 8;
    %pushi/vec4 0, 0, 2;
    %assign/vec4 v0x7f412df600_0, 0;
    %jmp T_2.1;
T_2.0 ;
    %load/vec4 v0x7f412df600_0;
    %dup/vec4;
    %pushi/vec4 0, 0, 2;
    %cmp/u;
    %jmp/1 T_2.2, 6;
    %dup/vec4;
    %pushi/vec4 1, 0, 2;
    %cmp/u;
    %jmp/1 T_2.3, 6;
    %load/vec4 v0x7f412df600_0;
    %assign/vec4 v0x7f412df600_0, 0;
    %jmp T_2.5;
T_2.2 ;
    %load/vec4 v0x7f412df2b0_0;
    %flag_set/vec4 8;
    %jmp/0xz  T_2.6, 8;
    %pushi/vec4 1, 0, 2;
    %assign/vec4 v0x7f412df600_0, 0;
    %jmp T_2.7;
T_2.6 ;
    %load/vec4 v0x7f412df600_0;
    %assign/vec4 v0x7f412df600_0, 0;
T_2.7 ;
    %jmp T_2.5;
T_2.3 ;
    %load/vec4 v0x7f412def30_0;
    %cmpi/e 9, 0, 4;
    %jmp/0xz  T_2.8, 4;
    %pushi/vec4 0, 0, 2;
    %assign/vec4 v0x7f412df600_0, 0;
    %jmp T_2.9;
T_2.8 ;
    %load/vec4 v0x7f412df600_0;
    %assign/vec4 v0x7f412df600_0, 0;
T_2.9 ;
    %jmp T_2.5;
T_2.5 ;
    %pop/vec4 1;
T_2.1 ;
    %jmp T_2;
    .thread T_2;
    .scope S_0x7f412bb8f0;
T_3 ;
    %wait E_0x7f41270830;
    %load/vec4 v0x7f412df540_0;
    %inv;
    %flag_set/vec4 8;
    %jmp/0xz  T_3.0, 8;
    %pushi/vec4 0, 0, 4;
    %assign/vec4 v0x7f412def30_0, 0;
    %jmp T_3.1;
T_3.0 ;
    %load/vec4 v0x7f412df600_0;
    %dup/vec4;
    %pushi/vec4 0, 0, 2;
    %cmp/u;
    %jmp/1 T_3.2, 6;
    %dup/vec4;
    %pushi/vec4 1, 0, 2;
    %cmp/u;
    %jmp/1 T_3.3, 6;
    %pushi/vec4 0, 0, 4;
    %assign/vec4 v0x7f412def30_0, 0;
    %jmp T_3.5;
T_3.2 ;
    %pushi/vec4 0, 0, 4;
    %assign/vec4 v0x7f412def30_0, 0;
    %jmp T_3.5;
T_3.3 ;
    %load/vec4 v0x7f412def30_0;
    %addi 1, 0, 4;
    %assign/vec4 v0x7f412def30_0, 0;
    %jmp T_3.5;
T_3.5 ;
    %pop/vec4 1;
T_3.1 ;
    %jmp T_3;
    .thread T_3;
    .scope S_0x7f412bb8f0;
T_4 ;
    %wait E_0x7f41270830;
    %load/vec4 v0x7f412df540_0;
    %inv;
    %flag_set/vec4 8;
    %jmp/0xz  T_4.0, 8;
    %pushi/vec4 0, 0, 1;
    %assign/vec4 v0x7f412df7a0_0, 0;
    %jmp T_4.1;
T_4.0 ;
    %load/vec4 v0x7f412df600_0;
    %dup/vec4;
    %pushi/vec4 0, 0, 2;
    %cmp/u;
    %jmp/1 T_4.2, 6;
    %dup/vec4;
    %pushi/vec4 1, 0, 2;
    %cmp/u;
    %jmp/1 T_4.3, 6;
    %pushi/vec4 0, 0, 1;
    %assign/vec4 v0x7f412df7a0_0, 0;
    %jmp T_4.5;
T_4.2 ;
    %load/vec4 v0x7f412df6e0_0;
    %assign/vec4 v0x7f412df7a0_0, 0;
    %jmp T_4.5;
T_4.3 ;
    %load/vec4 v0x7f412df7a0_0;
    %assign/vec4 v0x7f412df7a0_0, 0;
    %jmp T_4.5;
T_4.5 ;
    %pop/vec4 1;
T_4.1 ;
    %jmp T_4;
    .thread T_4;
    .scope S_0x7f412bb8f0;
T_5 ;
    %wait E_0x7f41270830;
    %load/vec4 v0x7f412deaa0_0;
    %load/vec4 v0x7f412df7a0_0;
    %nor/r;
    %and;
    %flag_set/vec4 8;
    %jmp/0xz  T_5.0, 8;
    %ix/getv 4, v0x7f412decb0_0;
    %load/vec4a v0x7f412df480, 4;
    %store/vec4 v0x7f412df010_0, 0, 256;
T_5.0 ;
    %jmp T_5;
    .thread T_5;
    .scope S_0x7f412bb8f0;
T_6 ;
    %wait E_0x7f41270830;
    %load/vec4 v0x7f412deaa0_0;
    %load/vec4 v0x7f412df7a0_0;
    %and;
    %flag_set/vec4 8;
    %jmp/0xz  T_6.0, 8;
    %load/vec4 v0x7f412df0f0_0;
    %ix/getv 3, v0x7f412decb0_0;
    %ix/load 4, 0, 0; Constant delay
    %assign/vec4/a/d v0x7f412df480, 0, 4;
T_6.0 ;
    %jmp T_6;
    .thread T_6;
    .scope S_0x7f412b8cd0;
T_7 ;
    %pushi/vec4 0, 0, 1;
    %store/vec4 v0x7f412e01a0_0, 0, 1;
    %pushi/vec4 0, 0, 1;
    %store/vec4 v0x7f412e0020_0, 0, 1;
    %end;
    .thread T_7;
    .scope S_0x7f412b8cd0;
T_8 ;
    %wait E_0x7f41270d10;
    %load/vec4 v0x7f412e0420_0;
    %inv;
    %flag_set/vec4 8;
    %jmp/0xz  T_8.0, 8;
    %load/vec4 v0x7f412dfde0_0;
    %assign/vec4 v0x7f412dfea0_0, 0;
    %load/vec4 v0x7f412e00e0_0;
    %assign/vec4 v0x7f412e01a0_0, 0;
    %load/vec4 v0x7f412dff60_0;
    %assign/vec4 v0x7f412e0020_0, 0;
    %load/vec4 v0x7f412e0260_0;
    %assign/vec4 v0x7f412e0340_0, 0;
    %load/vec4 v0x7f412dfc20_0;
    %assign/vec4 v0x7f412dfd00_0, 0;
    %load/vec4 v0x7f412df9a0_0;
    %assign/vec4 v0x7f412dfaa0_0, 0;
T_8.0 ;
    %jmp T_8;
    .thread T_8;
    .scope S_0x7f41258a10;
T_9 ;
    %wait E_0x7f412e0a20;
    %load/vec4 v0x7f412e0ba0_0;
    %load/vec4 v0x7f412e0aa0_0;
    %pad/u 32;
    %pushi/vec4 0, 0, 32;
    %cmp/e;
    %flag_get/vec4 4;
    %inv;
    %and;
    %load/vec4 v0x7f412e0aa0_0;
    %load/vec4 v0x7f412e0c60_0;
    %cmp/e;
    %flag_get/vec4 4;
    %and;
    %flag_set/vec4 8;
    %jmp/0xz  T_9.0, 8;
    %pushi/vec4 1, 0, 1;
    %ix/load 4, 1, 0;
    %flag_set/imm 4, 0;
    %store/vec4 v0x7f412e0fd0_0, 4, 1;
    %jmp T_9.1;
T_9.0 ;
    %pushi/vec4 0, 0, 1;
    %ix/load 4, 1, 0;
    %flag_set/imm 4, 0;
    %store/vec4 v0x7f412e0fd0_0, 4, 1;
T_9.1 ;
    %load/vec4 v0x7f412e0ba0_0;
    %load/vec4 v0x7f412e0aa0_0;
    %pad/u 32;
    %pushi/vec4 0, 0, 32;
    %cmp/e;
    %flag_get/vec4 4;
    %inv;
    %and;
    %load/vec4 v0x7f412e0aa0_0;
    %load/vec4 v0x7f412e0d50_0;
    %cmp/e;
    %flag_get/vec4 4;
    %and;
    %flag_set/vec4 8;
    %jmp/0xz  T_9.2, 8;
    %pushi/vec4 1, 0, 1;
    %ix/load 4, 1, 0;
    %flag_set/imm 4, 0;
    %store/vec4 v0x7f412e10b0_0, 4, 1;
    %jmp T_9.3;
T_9.2 ;
    %pushi/vec4 0, 0, 1;
    %ix/load 4, 1, 0;
    %flag_set/imm 4, 0;
    %store/vec4 v0x7f412e10b0_0, 4, 1;
T_9.3 ;
    %load/vec4 v0x7f412e0f10_0;
    %load/vec4 v0x7f412e0e30_0;
    %pad/u 32;
    %pushi/vec4 0, 0, 32;
    %cmp/e;
    %flag_get/vec4 4;
    %inv;
    %and;
    %load/vec4 v0x7f412e0aa0_0;
    %load/vec4 v0x7f412e0c60_0;
    %cmp/e;
    %flag_get/vec4 4;
    %inv;
    %and;
    %load/vec4 v0x7f412e0e30_0;
    %load/vec4 v0x7f412e0c60_0;
    %cmp/e;
    %flag_get/vec4 4;
    %and;
    %flag_set/vec4 8;
    %jmp/0xz  T_9.4, 8;
    %pushi/vec4 1, 0, 1;
    %ix/load 4, 0, 0;
    %flag_set/imm 4, 0;
    %store/vec4 v0x7f412e0fd0_0, 4, 1;
    %jmp T_9.5;
T_9.4 ;
    %pushi/vec4 0, 0, 1;
    %ix/load 4, 0, 0;
    %flag_set/imm 4, 0;
    %store/vec4 v0x7f412e0fd0_0, 4, 1;
T_9.5 ;
    %load/vec4 v0x7f412e0f10_0;
    %load/vec4 v0x7f412e0e30_0;
    %pad/u 32;
    %pushi/vec4 0, 0, 32;
    %cmp/e;
    %flag_get/vec4 4;
    %inv;
    %and;
    %load/vec4 v0x7f412e0aa0_0;
    %load/vec4 v0x7f412e0d50_0;
    %cmp/e;
    %flag_get/vec4 4;
    %inv;
    %and;
    %load/vec4 v0x7f412e0e30_0;
    %load/vec4 v0x7f412e0d50_0;
    %cmp/e;
    %flag_get/vec4 4;
    %and;
    %flag_set/vec4 8;
    %jmp/0xz  T_9.6, 8;
    %pushi/vec4 1, 0, 1;
    %ix/load 4, 0, 0;
    %flag_set/imm 4, 0;
    %store/vec4 v0x7f412e10b0_0, 4, 1;
    %jmp T_9.7;
T_9.6 ;
    %pushi/vec4 0, 0, 1;
    %ix/load 4, 0, 0;
    %flag_set/imm 4, 0;
    %store/vec4 v0x7f412e10b0_0, 4, 1;
T_9.7 ;
    %jmp T_9;
    .thread T_9, $push;
    .scope S_0x7f412723c0;
T_10 ;
    %wait E_0x7f412e12e0;
    %load/vec4 v0x7f412e1470_0;
    %load/vec4 v0x7f412e1370_0;
    %load/vec4 v0x7f412e15d0_0;
    %cmp/e;
    %flag_get/vec4 4;
    %load/vec4 v0x7f412e1370_0;
    %load/vec4 v0x7f412e16b0_0;
    %cmp/e;
    %flag_get/vec4 4;
    %or;
    %and;
    %flag_set/vec4 8;
    %jmp/0xz  T_10.0, 8;
    %pushi/vec4 1, 0, 1;
    %store/vec4 v0x7f412e1530_0, 0, 1;
    %pushi/vec4 0, 0, 1;
    %store/vec4 v0x7f412e1790_0, 0, 1;
    %pushi/vec4 0, 0, 1;
    %store/vec4 v0x7f412e1850_0, 0, 1;
    %jmp T_10.1;
T_10.0 ;
    %pushi/vec4 0, 0, 1;
    %store/vec4 v0x7f412e1530_0, 0, 1;
    %pushi/vec4 1, 0, 1;
    %store/vec4 v0x7f412e1790_0, 0, 1;
    %pushi/vec4 1, 0, 1;
    %store/vec4 v0x7f412e1850_0, 0, 1;
T_10.1 ;
    %jmp T_10;
    .thread T_10, $push;
    .scope S_0x7f412725f0;
T_11 ;
    %pushi/vec4 0, 0, 1;
    %store/vec4 v0x7f412e2fe0_0, 0, 1;
    %pushi/vec4 0, 0, 1;
    %store/vec4 v0x7f412e2ce0_0, 0, 1;
    %end;
    .thread T_11;
    .scope S_0x7f412725f0;
T_12 ;
    %wait E_0x7f412592f0;
    %load/vec4 v0x7f412e3260_0;
    %inv;
    %flag_set/vec4 8;
    %jmp/0xz  T_12.0, 8;
    %load/vec4 v0x7f412e2da0_0;
    %assign/vec4 v0x7f412e2e60_0, 0;
    %load/vec4 v0x7f412e25d0_0;
    %assign/vec4 v0x7f412e2690_0, 0;
    %load/vec4 v0x7f412e2aa0_0;
    %assign/vec4 v0x7f412e2b60_0, 0;
    %load/vec4 v0x7f412e2f20_0;
    %assign/vec4 v0x7f412e2fe0_0, 0;
    %load/vec4 v0x7f412e2810_0;
    %assign/vec4 v0x7f412e28d0_0, 0;
    %load/vec4 v0x7f412e2c20_0;
    %assign/vec4 v0x7f412e2ce0_0, 0;
    %load/vec4 v0x7f412e2410_0;
    %assign/vec4 v0x7f412e24f0_0, 0;
    %load/vec4 v0x7f412e1c50_0;
    %assign/vec4 v0x7f412e1d10_0, 0;
    %load/vec4 v0x7f412e2000_0;
    %assign/vec4 v0x7f412e20e0_0, 0;
    %load/vec4 v0x7f412e30a0_0;
    %assign/vec4 v0x7f412e3180_0, 0;
    %load/vec4 v0x7f412e1df0_0;
    %assign/vec4 v0x7f412e1f20_0, 0;
    %load/vec4 v0x7f412e21c0_0;
    %assign/vec4 v0x7f412e2330_0, 0;
    %load/vec4 v0x7f412e1a70_0;
    %assign/vec4 v0x7f412e1b70_0, 0;
T_12.0 ;
    %jmp T_12;
    .thread T_12;
    .scope S_0x7f412641d0;
T_13 ;
    %pushi/vec4 0, 0, 32;
    %store/vec4 v0x7f412e3cf0_0, 0, 32;
    %pushi/vec4 0, 0, 32;
    %store/vec4 v0x7f412e3b30_0, 0, 32;
    %end;
    .thread T_13;
    .scope S_0x7f412641d0;
T_14 ;
    %wait E_0x7f412e3790;
    %load/vec4 v0x7f412e3dd0_0;
    %inv;
    %flag_set/vec4 8;
    %jmp/0xz  T_14.0, 8;
    %load/vec4 v0x7f412e38f0_0;
    %flag_set/vec4 8;
    %jmp/0 T_14.2, 8;
    %pushi/vec4 0, 0, 32;
    %jmp/1 T_14.3, 8;
T_14.2 ; End of true expr.
    %load/vec4 v0x7f412e39b0_0;
    %flag_set/vec4 9;
    %jmp/0 T_14.4, 9;
    %load/vec4 v0x7f412e3cf0_0;
    %jmp/1 T_14.5, 9;
T_14.4 ; End of true expr.
    %load/vec4 v0x7f412e3c10_0;
    %jmp/0 T_14.5, 9;
 ; End of false expr.
    %blend;
T_14.5;
    %jmp/0 T_14.3, 8;
 ; End of false expr.
    %blend;
T_14.3;
    %assign/vec4 v0x7f412e3cf0_0, 0;
    %load/vec4 v0x7f412e38f0_0;
    %flag_set/vec4 8;
    %jmp/0 T_14.6, 8;
    %pushi/vec4 0, 0, 32;
    %jmp/1 T_14.7, 8;
T_14.6 ; End of true expr.
    %load/vec4 v0x7f412e39b0_0;
    %flag_set/vec4 9;
    %jmp/0 T_14.8, 9;
    %load/vec4 v0x7f412e3b30_0;
    %jmp/1 T_14.9, 9;
T_14.8 ; End of true expr.
    %load/vec4 v0x7f412e3a50_0;
    %jmp/0 T_14.9, 9;
 ; End of false expr.
    %blend;
T_14.9;
    %jmp/0 T_14.7, 8;
 ; End of false expr.
    %blend;
T_14.7;
    %assign/vec4 v0x7f412e3b30_0, 0;
T_14.0 ;
    %jmp T_14;
    .thread T_14;
    .scope S_0x7f412871a0;
T_15 ;
    %pushi/vec4 0, 0, 1;
    %store/vec4 v0x7f412e4bf0_0, 0, 1;
    %pushi/vec4 0, 0, 1;
    %store/vec4 v0x7f412e4d70_0, 0, 1;
    %pushi/vec4 0, 0, 32;
    %store/vec4 v0x7f412e4f10_0, 0, 32;
    %pushi/vec4 0, 0, 32;
    %store/vec4 v0x7f412e4a00_0, 0, 32;
    %pushi/vec4 0, 0, 5;
    %store/vec4 v0x7f412e47a0_0, 0, 5;
    %end;
    .thread T_15;
    .scope S_0x7f412871a0;
T_16 ;
    %wait E_0x7f412e4640;
    %load/vec4 v0x7f412e4ff0_0;
    %inv;
    %flag_set/vec4 8;
    %jmp/0xz  T_16.0, 8;
    %load/vec4 v0x7f412e4b30_0;
    %assign/vec4 v0x7f412e4bf0_0, 0;
    %load/vec4 v0x7f412e4cb0_0;
    %cmpi/e 1, 0, 1;
    %flag_mov 8, 4;
    %load/vec4 v0x7f412e4cb0_0;
    %cmpi/e 0, 0, 1;
    %flag_or 4, 8;
    %jmp/0xz  T_16.2, 4;
    %load/vec4 v0x7f412e4cb0_0;
    %assign/vec4 v0x7f412e4d70_0, 0;
    %load/vec4 v0x7f412e46a0_0;
    %assign/vec4 v0x7f412e47a0_0, 0;
    %load/vec4 v0x7f412e4920_0;
    %assign/vec4 v0x7f412e4a00_0, 0;
    %load/vec4 v0x7f412e4e30_0;
    %assign/vec4 v0x7f412e4f10_0, 0;
T_16.2 ;
T_16.0 ;
    %jmp T_16;
    .thread T_16;
# The file index is used to find the file name in the following table.
:file_names 21;
    "N/A";
    "<interactive>";
    "./Arithmetic/ALU.v";
    "./ControlUnit/ALUControl.v";
    "./Arithmetic/Adder.v";
    "./ControlUnit/Control.v";
    "./Memory/DataMemory.v";
    "./PipelineRegister/EX_MEM.v";
    "./Arithmetic/Equal.v";
    "./ControlUnit/Forward.v";
    "./ControlUnit/HazardDetection.v";
    "./PipelineRegister/ID_EX.v";
    "./PipelineRegister/IF_ID.v";
    "./Memory/InstructionMemory.v";
    "./PipelineRegister/MEM_WB.v";
    "./MUX/MUX32.v";
    "./MUX/MUX5.v";
    "./MUX/MUX8.v";
    "./MUX/MUXForward.v";
    "./Arithmetic/Shift2.v";
    "./Arithmetic/SignExtend.v";
